# JRE version: OpenJDK Runtime Environment (8.0_152-b01) (build 1.8.0_152-release-1343-b01)
# Java VM: OpenJDK 64-Bit Server VM (25.152-b01 mixed mode bsd-amd64 compressed oops)
Heap:
 PSYoungGen      total 229888K, used 188284K [0x00000007a0000000, 0x00000007b0a80000, 0x00000007c0000000)
  eden space 194048K, 79% used [0x00000007a0000000,0x00000007a9724938,0x00000007abd80000)
  from space 35840K, 93% used [0x00000007ac080000,0x00000007ae13a8a8,0x00000007ae380000)
  to   space 39424K, 0% used [0x00000007ae400000,0x00000007ae400000,0x00000007b0a80000)
 ParOldGen       total 429056K, used 49488K [0x0000000760000000, 0x000000077a300000, 0x00000007a0000000)
  object space 429056K, 11% used [0x0000000760000000,0x00000007630541d0,0x000000077a300000)
 Metaspace       used 89315K, capacity 93629K, committed 93720K, reserved 1130496K
  class space    used 11696K, capacity 12493K, committed 12568K, reserved 1048576K
GC Heap History (10 events):
Event: 11.081 GC heap before
{Heap before GC invocations=10 (full 3):
 PSYoungGen      total 189440K, used 171520K [0x00000007a0000000, 0x00000007ad700000, 0x00000007c0000000)
  eden space 171520K, 100% used [0x00000007a0000000,0x00000007aa780000,0x00000007aa780000)
  from space 17920K, 0% used [0x00000007abc80000,0x00000007abc80000,0x00000007ace00000)
  to   space 21504K, 0% used [0x00000007aa780000,0x00000007aa780000,0x00000007abc80000)
 ParOldGen       total 429056K, used 34260K [0x0000000760000000, 0x000000077a300000, 0x00000007a0000000)
  object space 429056K, 7% used [0x0000000760000000,0x0000000762175160,0x000000077a300000)
 Metaspace       used 63564K, capacity 65736K, committed 65944K, reserved 1105920K
  class space    used 8571K, capacity 9029K, committed 9112K, reserved 1048576K
Event: 11.099 GC heap after
Heap after GC invocations=10 (full 3):
 PSYoungGen      total 193024K, used 15865K [0x00000007a0000000, 0x00000007af600000, 0x00000007c0000000)
  eden space 171520K, 0% used [0x00000007a0000000,0x00000007a0000000,0x00000007aa780000)
  from space 21504K, 73% used [0x00000007aa780000,0x00000007ab6fe7e0,0x00000007abc80000)
  to   space 21504K, 0% used [0x00000007ae100000,0x00000007ae100000,0x00000007af600000)
 ParOldGen       total 429056K, used 34268K [0x0000000760000000, 0x000000077a300000, 0x00000007a0000000)
  object space 429056K, 7% used [0x0000000760000000,0x0000000762177160,0x000000077a300000)
 Metaspace       used 63564K, capacity 65736K, committed 65944K, reserved 1105920K
  class space    used 8571K, capacity 9029K, committed 9112K, reserved 1048576K
}
Event: 22.415 GC heap before
{Heap before GC invocations=11 (full 3):
 PSYoungGen      total 193024K, used 187385K [0x00000007a0000000, 0x00000007af600000, 0x00000007c0000000)
  eden space 171520K, 100% used [0x00000007a0000000,0x00000007aa780000,0x00000007aa780000)
  from space 21504K, 73% used [0x00000007aa780000,0x00000007ab6fe7e0,0x00000007abc80000)
  to   space 21504K, 0% used [0x00000007ae100000,0x00000007ae100000,0x00000007af600000)
 ParOldGen       total 429056K, used 34268K [0x0000000760000000, 0x000000077a300000, 0x00000007a0000000)
  object space 429056K, 7% used [0x0000000760000000,0x0000000762177160,0x000000077a300000)
 Metaspace       used 69868K, capacity 72211K, committed 72472K, reserved 1112064K
  class space    used 9457K, capacity 9936K, committed 10008K, reserved 1048576K
Event: 22.442 GC heap after
Heap after GC invocations=11 (full 3):
 PSYoungGen      total 224768K, used 21474K [0x00000007a0000000, 0x00000007af780000, 0x00000007c0000000)
  eden space 203264K, 0% used [0x00000007a0000000,0x00000007a0000000,0x00000007ac680000)
  from space 21504K, 99% used [0x00000007ae100000,0x00000007af5f8b98,0x00000007af600000)
  to   space 25088K, 0% used [0x00000007ac680000,0x00000007ac680000,0x00000007adf00000)
 ParOldGen       total 429056K, used 37854K [0x0000000760000000, 0x000000077a300000, 0x00000007a0000000)
  object space 429056K, 8% used [0x0000000760000000,0x00000007624f7878,0x000000077a300000)
 Metaspace       used 69868K, capacity 72211K, committed 72472K, reserved 1112064K
  class space    used 9457K, capacity 9936K, committed 10008K, reserved 1048576K
}
Event: 372.831 GC heap before
{Heap before GC invocations=12 (full 3):
 PSYoungGen      total 224768K, used 224738K [0x00000007a0000000, 0x00000007af780000, 0x00000007c0000000)
  eden space 203264K, 100% used [0x00000007a0000000,0x00000007ac680000,0x00000007ac680000)
  from space 21504K, 99% used [0x00000007ae100000,0x00000007af5f8b98,0x00000007af600000)
  to   space 25088K, 0% used [0x00000007ac680000,0x00000007ac680000,0x00000007adf00000)
 ParOldGen       total 429056K, used 37854K [0x0000000760000000, 0x000000077a300000, 0x00000007a0000000)
  object space 429056K, 8% used [0x0000000760000000,0x00000007624f7878,0x000000077a300000)
 Metaspace       used 85031K, capacity 88833K, committed 88984K, reserved 1126400K
  class space    used 11350K, capacity 12057K, committed 12184K, reserved 1048576K
Event: 372.865 GC heap after
Heap after GC invocations=12 (full 3):
 PSYoungGen      total 225280K, used 25068K [0x00000007a0000000, 0x00000007b0380000, 0x00000007c0000000)
  eden space 200192K, 0% used [0x00000007a0000000,0x00000007a0000000,0x00000007ac380000)
  from space 25088K, 99% used [0x00000007ac680000,0x00000007adefb0c0,0x00000007adf00000)
  to   space 32768K, 0% used [0x00000007ae380000,0x00000007ae380000,0x00000007b0380000)
 ParOldGen       total 429056K, used 49472K [0x0000000760000000, 0x000000077a300000, 0x00000007a0000000)
  object space 429056K, 11% used [0x0000000760000000,0x00000007630501d0,0x000000077a300000)
 Metaspace       used 85031K, capacity 88833K, committed 88984K, reserved 1126400K
  class space    used 11350K, capacity 12057K, committed 12184K, reserved 1048576K
}
Event: 377.290 GC heap before
{Heap before GC invocations=13 (full 3):
 PSYoungGen      total 225280K, used 225260K [0x00000007a0000000, 0x00000007b0380000, 0x00000007c0000000)
  eden space 200192K, 100% used [0x00000007a0000000,0x00000007ac380000,0x00000007ac380000)
  from space 25088K, 99% used [0x00000007ac680000,0x00000007adefb0c0,0x00000007adf00000)
  to   space 32768K, 0% used [0x00000007ae380000,0x00000007ae380000,0x00000007b0380000)
 ParOldGen       total 429056K, used 49472K [0x0000000760000000, 0x000000077a300000, 0x00000007a0000000)
  object space 429056K, 11% used [0x0000000760000000,0x00000007630501d0,0x000000077a300000)
 Metaspace       used 87305K, capacity 91267K, committed 91416K, reserved 1128448K
  class space    used 11546K, capacity 12284K, committed 12312K, reserved 1048576K
Event: 377.324 GC heap after
Heap after GC invocations=13 (full 3):
 PSYoungGen      total 229888K, used 30509K [0x00000007a0000000, 0x00000007b0680000, 0x00000007c0000000)
  eden space 197120K, 0% used [0x00000007a0000000,0x00000007a0000000,0x00000007ac080000)
  from space 32768K, 93% used [0x00000007ae380000,0x00000007b014b680,0x00000007b0380000)
  to   space 35840K, 0% used [0x00000007ac080000,0x00000007ac080000,0x00000007ae380000)
 ParOldGen       total 429056K, used 49480K [0x0000000760000000, 0x000000077a300000, 0x00000007a0000000)
  object space 429056K, 11% used [0x0000000760000000,0x00000007630521d0,0x000000077a300000)
 Metaspace       used 87305K, capacity 91267K, committed 91416K, reserved 1128448K
  class space    used 11546K, capacity 12284K, committed 12312K, reserved 1048576K
}
Event: 860.206 GC heap before
{Heap before GC invocations=14 (full 3):
 PSYoungGen      total 229888K, used 227629K [0x00000007a0000000, 0x00000007b0680000, 0x00000007c0000000)
  eden space 197120K, 100% used [0x00000007a0000000,0x00000007ac080000,0x00000007ac080000)
  from space 32768K, 93% used [0x00000007ae380000,0x00000007b014b680,0x00000007b0380000)
  to   space 35840K, 0% used [0x00000007ac080000,0x00000007ac080000,0x00000007ae380000)
 ParOldGen       total 429056K, used 49480K [0x0000000760000000, 0x000000077a300000, 0x00000007a0000000)
  object space 429056K, 11% used [0x0000000760000000,0x00000007630521d0,0x000000077a300000)
 Metaspace       used 88813K, capacity 93077K, committed 93208K, reserved 1130496K
  class space    used 11685K, capacity 12479K, committed 12568K, reserved 1048576K
Event: 860.237 GC heap after
Heap after GC invocations=14 (full 3):
 PSYoungGen      total 229888K, used 33514K [0x00000007a0000000, 0x00000007b0a80000, 0x00000007c0000000)
  eden space 194048K, 0% used [0x00000007a0000000,0x00000007a0000000,0x00000007abd80000)
  from space 35840K, 93% used [0x00000007ac080000,0x00000007ae13a8a8,0x00000007ae380000)
  to   space 39424K, 0% used [0x00000007ae400000,0x00000007ae400000,0x00000007b0a80000)
 ParOldGen       total 429056K, used 49488K [0x0000000760000000, 0x000000077a300000, 0x00000007a0000000)
  object space 429056K, 11% used [0x0000000760000000,0x00000007630541d0,0x000000077a300000)
 Metaspace       used 88813K, capacity 93077K, committed 93208K, reserved 1130496K
  class space    used 11685K, capacity 12479K, committed 12568K, reserved 1048576K
}

